In file included from ../src/unix/pty.cc:20:
In file included from ../../nan/nan.h:184:
../../nan/nan_maybe_43_inl.h:89:15: error: no member named 'ForceSet' in 'v8::Object'
  return obj->ForceSet(GetCurrentContext(), key, value, attribs);
         ~~~~~^
../../nan/nan_maybe_43_inl.h:221:17: error: no member named 'CloneElementAt' in 'v8::Array'
  return array->CloneElementAt(GetCurrentContext(), index);
         ~~~~~~~^
In file included from ../src/unix/pty.cc:20:
In file included from ../../nan/nan.h:189:
In file included from ../../nan/nan_converters.h:59:
../../nan/nan_converters_43_inl.h:18:1: error: no viable conversion from 'v8::Local<v8::Context>' to 'v8::Isolate *'
X(Boolean)
^~~~~~~~~~
../../nan/nan_converters_43_inl.h:15:26: note: expanded from macro 'X'
  return val->To ## TYPE(GetCurrentContext());                                 \
                         ^~~~~~~~~~~~~~~~~~~
/Users/cory/.atom/.node-gyp/Library/Caches/node-gyp/9.4.4/include/node/v8.h:2842:37: note: passing argument to parameter 'isolate' here
  Local<Boolean> ToBoolean(Isolate* isolate) const;
                                    ^
In file included from ../src/unix/pty.cc:20:
In file included from ../../nan/nan.h:189:
In file included from ../../nan/nan_converters.h:59:
../../nan/nan_converters_43_inl.h:34:1: error: no viable conversion from 'v8::Local<v8::Context>' to 'v8::Isolate *'
X(bool, Boolean)
^~~~~~~~~~~~~~~~
../../nan/nan_converters_43_inl.h:31:29: note: expanded from macro 'X'
  return val->NAME ## Value(GetCurrentContext());                              \
                            ^~~~~~~~~~~~~~~~~~~
/Users/cory/.atom/.node-gyp/Library/Caches/node-gyp/9.4.4/include/node/v8.h:2852:30: note: passing argument to parameter 'isolate' here
  bool BooleanValue(Isolate* isolate) const;
                             ^
In file included from ../src/unix/pty.cc:20:
In file included from ../../nan/nan.h:189:
In file included from ../../nan/nan_converters.h:59:
../../nan/nan_converters_43_inl.h:34:1: error: no viable conversion from returned value of type 'bool' to function return type 'imp::ToFactory<bool>::return_t' (aka 'Maybe<bool>')
X(bool, Boolean)
^~~~~~~~~~~~~~~~
../../nan/nan_converters_43_inl.h:31:10: note: expanded from macro 'X'
  return val->NAME ## Value(GetCurrentContext());                              \
         ^~~~~~~~~~~~~~~~~~~~~~~~~~~~~~~~~~~~~~~
/Users/cory/.atom/.node-gyp/Library/Caches/node-gyp/9.4.4/include/node/v8.h:9912:7: note: candidate constructor (the implicit copy constructor) not viable: no known conversion from 'bool' to 'const v8::Maybe<bool> &' for 1st argument
class Maybe {
      ^
/Users/cory/.atom/.node-gyp/Library/Caches/node-gyp/9.4.4/include/node/v8.h:9912:7: note: candidate constructor (the implicit move constructor) not viable: no known conversion from 'bool' to 'v8::Maybe<bool> &&' for 1st argument
/Users/cory/.atom/.node-gyp/Library/Caches/node-gyp/9.4.4/include/node/v8.h:9967:12: note: explicit constructor is not a candidate
  explicit Maybe(const T& t) : has_value_(true), value_(t) {}
           ^
In file included from ../src/unix/pty.cc:20:
In file included from ../../nan/nan.h:190:
In file included from ../../nan/nan_new.h:189:
../../nan/nan_implementation_12_inl.h:40:38: error: too few arguments to function call, expected 2, have 1
  return v8::BooleanObject::New(value).As<v8::BooleanObject>();
         ~~~~~~~~~~~~~~~~~~~~~~      ^
/Users/cory/.atom/.node-gyp/Library/Caches/node-gyp/9.4.4/include/node/v8.h:5825:23: note: 'New' declared here
  static Local<Value> New(Isolate* isolate, bool value);
                      ^
In file included from ../src/unix/pty.cc:20:
In file included from ../../nan/nan.h:190:
In file included from ../../nan/nan_new.h:189:
../../nan/nan_implementation_12_inl.h:109:42: error: no viable conversion from 'v8::Isolate *' to 'Local<v8::Context>'
  return scope.Escape(v8::Function::New( isolate
                                         ^~~~~~~
/Users/cory/.atom/.node-gyp/Library/Caches/node-gyp/9.4.4/include/node/v8.h:186:7: note: candidate constructor (the implicit copy constructor) not viable: no known conversion from 'v8::Isolate *' to 'const v8::Local<v8::Context> &' for 1st argument
class Local {
      ^
/Users/cory/.atom/.node-gyp/Library/Caches/node-gyp/9.4.4/include/node/v8.h:186:7: note: candidate constructor (the implicit move constructor) not viable: no known conversion from 'v8::Isolate *' to 'v8::Local<v8::Context> &&' for 1st argument
/Users/cory/.atom/.node-gyp/Library/Caches/node-gyp/9.4.4/include/node/v8.h:190:13: note: candidate template ignored: could not match 'Local<type-parameter-0-0>' against 'v8::Isolate *'
  V8_INLINE Local(Local<S> that)
            ^
/Users/cory/.atom/.node-gyp/Library/Caches/node-gyp/9.4.4/include/node/v8.h:333:22: note: explicit constructor is not a candidate
  explicit V8_INLINE Local(T* that) : val_(that) {}
                     ^
/Users/cory/.atom/.node-gyp/Library/Caches/node-gyp/9.4.4/include/node/v8.h:4440:22: note: passing argument to parameter 'context' here
      Local<Context> context, FunctionCallback callback,
                     ^
In file included from ../src/unix/pty.cc:20:
In file included from ../../nan/nan.h:190:
In file included from ../../nan/nan_new.h:189:
../../nan/nan_implementation_12_inl.h:352:37: error: too few arguments to function call, expected 2, have 1
  return v8::StringObject::New(value).As<v8::StringObject>();
         ~~~~~~~~~~~~~~~~~~~~~      ^
/Users/cory/.atom/.node-gyp/Library/Caches/node-gyp/9.4.4/include/node/v8.h:5841:23: note: 'New' declared here
  static Local<Value> New(Isolate* isolate, Local<String> value);
                      ^
In file included from ../src/unix/pty.cc:20:
../../nan/nan.h:592:20: error: no type named 'GCEpilogueCallback' in 'v8::Isolate'
      v8::Isolate::GCEpilogueCallback callback
      ~~~~~~~~~~~~~^
../../nan/nan.h:598:20: error: no type named 'GCEpilogueCallback' in 'v8::Isolate'
      v8::Isolate::GCEpilogueCallback callback) {
      ~~~~~~~~~~~~~^
../../nan/nan.h:603:20: error: no type named 'GCPrologueCallback' in 'v8::Isolate'
      v8::Isolate::GCPrologueCallback callback
      ~~~~~~~~~~~~~^
../../nan/nan.h:609:20: error: no type named 'GCPrologueCallback' in 'v8::Isolate'
      v8::Isolate::GCPrologueCallback callback) {
      ~~~~~~~~~~~~~^
../../nan/nan.h:802:18: warning: 'MakeCallback' is deprecated: Use MakeCallback(..., async_context) [-Wdeprecated-declarations]
    return node::MakeCallback(
                 ^
/Users/cory/.atom/.node-gyp/Library/Caches/node-gyp/9.4.4/include/node/node.h:174:1: note: 'MakeCallback' has been explicitly marked deprecated here
NODE_DEPRECATED("Use MakeCallback(..., async_context)",
^
/Users/cory/.atom/.node-gyp/Library/Caches/node-gyp/9.4.4/include/node/node.h:93:20: note: expanded from macro 'NODE_DEPRECATED'
    __attribute__((deprecated(message))) declarator
                   ^
In file included from ../src/unix/pty.cc:20:
../../nan/nan.h:816:18: warning: 'MakeCallback' is deprecated: Use MakeCallback(..., async_context) [-Wdeprecated-declarations]
    return node::MakeCallback(
                 ^
/Users/cory/.atom/.node-gyp/Library/Caches/node-gyp/9.4.4/include/node/node.h:167:1: note: 'MakeCallback' has been explicitly marked deprecated here
NODE_DEPRECATED("Use MakeCallback(..., async_context)",
^
/Users/cory/.atom/.node-gyp/Library/Caches/node-gyp/9.4.4/include/node/node.h:93:20: note: expanded from macro 'NODE_DEPRECATED'
    __attribute__((deprecated(message))) declarator
                   ^
In file included from ../src/unix/pty.cc:20:
../../nan/nan.h:830:18: warning: 'MakeCallback' is deprecated: Use MakeCallback(..., async_context) [-Wdeprecated-declarations]
    return node::MakeCallback(
                 ^
/Users/cory/.atom/.node-gyp/Library/Caches/node-gyp/9.4.4/include/node/node.h:160:1: note: 'MakeCallback' has been explicitly marked deprecated here
NODE_DEPRECATED("Use MakeCallback(..., async_context)",
^
/Users/cory/.atom/.node-gyp/Library/Caches/node-gyp/9.4.4/include/node/node.h:93:20: note: expanded from macro 'NODE_DEPRECATED'
    __attribute__((deprecated(message))) declarator
                   ^
In file included from ../src/unix/pty.cc:20:
../../nan/nan.h:868:53: error: too few arguments to function call, single argument 'context' was not specified
      v8::Local<v8::String> string = from->ToString();
                                     ~~~~~~~~~~~~~~ ^
/Users/cory/.atom/.node-gyp/Library/Caches/node-gyp/9.4.4/include/node/v8.h:2804:44: note: 'ToString' declared here
  V8_WARN_UNUSED_RESULT MaybeLocal<String> ToString(
                                           ^
In file included from ../src/unix/pty.cc:20:
../../nan/nan.h:868:29: error: no viable conversion from 'MaybeLocal<v8::String>' to 'v8::Local<v8::String>'
      v8::Local<v8::String> string = from->ToString();
                            ^        ~~~~~~~~~~~~~~~~
/Users/cory/.atom/.node-gyp/Library/Caches/node-gyp/9.4.4/include/node/v8.h:186:7: note: candidate constructor (the implicit copy constructor) not viable: no known conversion from 'MaybeLocal<v8::String>' to 'const v8::Local<v8::String> &' for 1st argument
class Local {
      ^
/Users/cory/.atom/.node-gyp/Library/Caches/node-gyp/9.4.4/include/node/v8.h:186:7: note: candidate constructor (the implicit move constructor) not viable: no known conversion from 'MaybeLocal<v8::String>' to 'v8::Local<v8::String> &&' for 1st argument
/Users/cory/.atom/.node-gyp/Library/Caches/node-gyp/9.4.4/include/node/v8.h:190:13: note: candidate template ignored: could not match 'Local' against 'MaybeLocal'
  V8_INLINE Local(Local<S> that)
            ^
/Users/cory/.atom/.node-gyp/Library/Caches/node-gyp/9.4.4/include/node/v8.h:333:22: note: explicit constructor is not a candidate
  explicit V8_INLINE Local(T* that) : val_(that) {}
                     ^
In file included from ../src/unix/pty.cc:20:
../../nan/nan.h:878:37: error: cannot initialize a parameter of type 'v8::Isolate *' with an lvalue of type 'char *'
        length_ = string->WriteUtf8(str_, static_cast<int>(len), 0, flags);
                                    ^~~~
/Users/cory/.atom/.node-gyp/Library/Caches/node-gyp/9.4.4/include/node/v8.h:3031:26: note: passing argument to parameter 'isolate' here
  int WriteUtf8(Isolate* isolate, char* buffer, int length = -1,
                         ^
In file included from ../src/unix/pty.cc:20:
../../nan/nan.h:1341:43: error: no matching member function for call to 'Get'
    v8::Local<v8::Value> a = New(handle)->Get(kCallbackIndex);
                             ~~~~~~~~~~~~~^~~
/Users/cory/.atom/.node-gyp/Library/Caches/node-gyp/9.4.4/include/node/v8.h:3711:43: note: candidate function not viable: requires 2 arguments, but 1 was provided
  V8_WARN_UNUSED_RESULT MaybeLocal<Value> Get(Local<Context> context,
                                          ^
/Users/cory/.atom/.node-gyp/Library/Caches/node-gyp/9.4.4/include/node/v8.h:3714:43: note: candidate function not viable: requires 2 arguments, but 1 was provided
  V8_WARN_UNUSED_RESULT MaybeLocal<Value> Get(Local<Context> context,
                                          ^
In file included from ../src/unix/pty.cc:20:
../../nan/nan.h:1342:49: error: no matching member function for call to 'Get'
    v8::Local<v8::Value> b = New(other.handle)->Get(kCallbackIndex);
                             ~~~~~~~~~~~~~~~~~~~^~~
/Users/cory/.atom/.node-gyp/Library/Caches/node-gyp/9.4.4/include/node/v8.h:3711:43: note: candidate function not viable: requires 2 arguments, but 1 was provided
  V8_WARN_UNUSED_RESULT MaybeLocal<Value> Get(Local<Context> context,
                                          ^
/Users/cory/.atom/.node-gyp/Library/Caches/node-gyp/9.4.4/include/node/v8.h:3714:43: note: candidate function not viable: requires 2 arguments, but 1 was provided
  V8_WARN_UNUSED_RESULT MaybeLocal<Value> Get(Local<Context> context,
                                          ^
In file included from ../src/unix/pty.cc:20:
../../nan/nan.h:1373:38: error: no matching member function for call to 'Get'
    return scope.Escape(New(handle)->Get(kCallbackIndex)
                        ~~~~~~~~~~~~~^~~
/Users/cory/.atom/.node-gyp/Library/Caches/node-gyp/9.4.4/include/node/v8.h:3711:43: note: candidate function not viable: requires 2 arguments, but 1 was provided
  V8_WARN_UNUSED_RESULT MaybeLocal<Value> Get(Local<Context> context,
                                          ^
/Users/cory/.atom/.node-gyp/Library/Caches/node-gyp/9.4.4/include/node/v8.h:3714:43: note: candidate function not viable: requires 2 arguments, but 1 was provided
  V8_WARN_UNUSED_RESULT MaybeLocal<Value> Get(Local<Context> context,
                                          ^
In file included from ../src/unix/pty.cc:20:
../../nan/nan.h:1379:25: error: no matching member function for call to 'Get'
    return New(handle)->Get(kCallbackIndex)->IsUndefined();
           ~~~~~~~~~~~~~^~~
/Users/cory/.atom/.node-gyp/Library/Caches/node-gyp/9.4.4/include/node/v8.h:3711:43: note: candidate function not viable: requires 2 arguments, but 1 was provided
  V8_WARN_UNUSED_RESULT MaybeLocal<Value> Get(Local<Context> context,
                                          ^
/Users/cory/.atom/.node-gyp/Library/Caches/node-gyp/9.4.4/include/node/v8.h:3714:43: note: candidate function not viable: requires 2 arguments, but 1 was provided
  V8_WARN_UNUSED_RESULT MaybeLocal<Value> Get(Local<Context> context,
                                          ^
fatal error: too many errors emitted, stopping now [-ferror-limit=]
3 warnings and 20 errors generated.
make: *** [Release/obj.target/pty/src/unix/pty.o] Error 1
gyp ERR! build error 
gyp ERR! stack Error: `make` failed with exit code: 2
gyp ERR! stack     at ChildProcess.onExit (/Applications/Atom.app/Contents/Resources/app/apm/node_modules/npm/node_modules/node-gyp/lib/build.js:194:23)
gyp ERR! stack     at ChildProcess.emit (events.js:223:5)
gyp ERR! stack     at Process.ChildProcess._handle.onexit (internal/child_process.js:272:12)
gyp ERR! System Darwin 20.6.0
gyp ERR! command "/Applications/Atom.app/Contents/Resources/app/apm/bin/node" "/Applications/Atom.app/Contents/Resources/app/apm/node_modules/npm/node_modules/node-gyp/bin/node-gyp.js" "rebuild"
gyp ERR! cwd /private/var/folders/98/brkwxk657ydffcf1qbqhlxrc0000gn/T/apm-install-dir-20211024-49143-9e3fb8.dwcze/node_modules/terminal-plus/node_modules/pty.js
gyp ERR! node -v v12.14.1
gyp ERR! node-gyp -v v5.1.0
gyp ERR! not ok 
